{"total": {"lines":{"total":71,"covered":71,"skipped":0,"pct":100},"statements":{"total":76,"covered":76,"skipped":0,"pct":100},"functions":{"total":10,"covered":10,"skipped":0,"pct":100},"branches":{"total":81,"covered":79,"skipped":0,"pct":97.53},"branchesTrue":{"total":0,"covered":0,"skipped":0,"pct":"Unknown"}}
,"/Users/anachronistic/Documents/WebDev/VanillaJs/Satchel/src/Satchel.js": {"lines":{"total":71,"covered":71,"skipped":0,"pct":100},"functions":{"total":10,"covered":10,"skipped":0,"pct":100},"statements":{"total":76,"covered":76,"skipped":0,"pct":100},"branches":{"total":81,"covered":79,"skipped":0,"pct":97.53}}
}
