{"total": {"lines":{"total":88,"covered":88,"skipped":0,"pct":100},"statements":{"total":97,"covered":97,"skipped":0,"pct":100},"functions":{"total":15,"covered":15,"skipped":0,"pct":100},"branches":{"total":98,"covered":93,"skipped":0,"pct":94.89},"branchesTrue":{"total":0,"covered":0,"skipped":0,"pct":"Unknown"}}
,"/Users/anachronistic/Documents/WebDev/VanillaJs/Satchel/src/Satchel.js": {"lines":{"total":88,"covered":88,"skipped":0,"pct":100},"functions":{"total":15,"covered":15,"skipped":0,"pct":100},"statements":{"total":97,"covered":97,"skipped":0,"pct":100},"branches":{"total":98,"covered":93,"skipped":0,"pct":94.89}}
}
